<?xml version="1.0" encoding="UTF-8"?>
<!-- Generated by org.testng.reporters.JUnitReportReporter -->
<testsuite hostname="Raj" failures="0" tests="1" name="TestCases.TC_001_AccountRegsitration" time="4.006" errors="0" timestamp="2024-07-23T13:12:59 EDT" skipped="0">
  <testcase classname="TestCases.TC_001_AccountRegsitration" name="Test1" time="4.006"/>
</testsuite> <!-- TestCases.TC_001_AccountRegsitration -->
