<?xml version="1.0" encoding="UTF-8"?>
<!-- Generated by org.testng.reporters.JUnitReportReporter -->
<testsuite hostname="Raj" failures="0" tests="1" name="TestCases.TC_003_SelectPowerTool" time="4.460" errors="0" timestamp="2024-07-23T13:30:28 EDT" skipped="0">
  <testcase classname="TestCases.TC_003_SelectPowerTool" name="test3" time="4.460"/>
</testsuite> <!-- TestCases.TC_003_SelectPowerTool -->
